[recargaja.net/index4a75.html]
[backblue.gif]
[fade.gif]
[index.html]
[recargaja.net/static/css/index4ed7.css]
[recargaja.net/static/css/loadingSpinner.css]
[ajax.googleapis.com/ajax/libs/jquery/3.3.1/jquery.min.js]
[recargaja.net/static/js/jquery.maskedinput.js]
[code.getmdl.io/1.3.0/material.min.js]
[recargaja.net/static/js/index7fd8.js]
[recargaja.net/static/imgs/indexSafe.png]
[recargaja.net/static/imgs/logoFacil.png]
[recargaja.net/static/imgs/logoOperadoras.png]
[recargaja.net/static/imgs/cardsLogos.png]
[recargaja.net/static/imgs/cardsLogosCompact.png]
[recargaja.net/static/imgs/indexVerified.png]
[recargaja.net/static/imgs/logoBottom.png]
[recargaja.net/index4a75.html]
[code.getmdl.io/1.3.0/material.indigo-pink.min.css]
[recargaja.net/static/css/index4ed7.css]
[recargaja.net/static/css/loadingSpinner.css]
